Using pre-set license
Built from '2021.3/staging' branch; Version is '2021.3.9f1 (ad3870b89536) revision 11352176'; Using compiler version '192829333'; Build Type 'Release'
OS: 'Windows 10  (10.0.19045) 64bit Core' Language: 'en' Physical Memory: 16223 MB
BatchMode: 1, IsHumanControllingUs: 0, StartBugReporterOnCrash: 0, Is64bit: 1, IsPro: 1

COMMAND LINE ARGUMENTS:
D:\2021.3.9f1\Editor\Unity.exe
-adb2
-batchMode
-noUpm
-name
AssetImportWorker2
-projectPath
C:/Users/eduar/Documents/GitHub/RickDangerous/RickDangerous
-logFile
Logs/AssetImportWorker2.log
-srvPort
57458
Successfully changed project path to: C:/Users/eduar/Documents/GitHub/RickDangerous/RickDangerous
C:/Users/eduar/Documents/GitHub/RickDangerous/RickDangerous
[UnityMemory] Configuration Parameters - Can be set up in boot.config
    "memorysetup-bucket-allocator-granularity=16"
    "memorysetup-bucket-allocator-bucket-count=8"
    "memorysetup-bucket-allocator-block-size=33554432"
    "memorysetup-bucket-allocator-block-count=8"
    "memorysetup-main-allocator-block-size=16777216"
    "memorysetup-thread-allocator-block-size=16777216"
    "memorysetup-gfx-main-allocator-block-size=16777216"
    "memorysetup-gfx-thread-allocator-block-size=16777216"
    "memorysetup-cache-allocator-block-size=4194304"
    "memorysetup-typetree-allocator-block-size=2097152"
    "memorysetup-profiler-bucket-allocator-granularity=16"
    "memorysetup-profiler-bucket-allocator-bucket-count=8"
    "memorysetup-profiler-bucket-allocator-block-size=33554432"
    "memorysetup-profiler-bucket-allocator-block-count=8"
    "memorysetup-profiler-allocator-block-size=16777216"
    "memorysetup-profiler-editor-allocator-block-size=1048576"
    "memorysetup-temp-allocator-size-main=16777216"
    "memorysetup-job-temp-allocator-block-size=2097152"
    "memorysetup-job-temp-allocator-block-size-background=1048576"
    "memorysetup-job-temp-allocator-reduction-small-platforms=262144"
    "memorysetup-temp-allocator-size-background-worker=32768"
    "memorysetup-temp-allocator-size-job-worker=262144"
    "memorysetup-temp-allocator-size-preload-manager=33554432"
    "memorysetup-temp-allocator-size-nav-mesh-worker=65536"
    "memorysetup-temp-allocator-size-audio-worker=65536"
    "memorysetup-temp-allocator-size-cloud-worker=32768"
    "memorysetup-temp-allocator-size-gi-baking-worker=262144"
    "memorysetup-temp-allocator-size-gfx=262144"
Refreshing native plugins compatible for Editor in 137.32 ms, found 4 plugins.
Preloading 0 native plugins for Editor in 0.00 ms.
Initialize engine version: 2021.3.9f1 (ad3870b89536)
[Subsystems] Discovering subsystems at path D:/2021.3.9f1/Editor/Data/Resources/UnitySubsystems
[Subsystems] Discovering subsystems at path C:/Users/eduar/Documents/GitHub/RickDangerous/RickDangerous/Assets
GfxDevice: creating device client; threaded=0; jobified=0
Direct3D:
    Version:  Direct3D 11.0 [level 11.1]
    Renderer: NVIDIA GeForce GTX 1660 Ti (ID=0x2191)
    Vendor:   NVIDIA
    VRAM:     5979 MB
    Driver:   31.0.15.2802
Initialize mono
Mono path[0] = 'D:/2021.3.9f1/Editor/Data/Managed'
Mono path[1] = 'D:/2021.3.9f1/Editor/Data/MonoBleedingEdge/lib/mono/unityjit-win32'
Mono config path = 'D:/2021.3.9f1/Editor/Data/MonoBleedingEdge/etc'
Using monoOptions --debugger-agent=transport=dt_socket,embedding=1,server=y,suspend=n,address=127.0.0.1:56564
Begin MonoManager ReloadAssembly
Registering precompiled unity dll's ...
Register platform support module: D:/2021.3.9f1/Editor/Data/PlaybackEngines/WebGLSupport/UnityEditor.WebGL.Extensions.dll
Register platform support module: D:/2021.3.9f1/Editor/Data/PlaybackEngines/WindowsStandaloneSupport/UnityEditor.WindowsStandalone.Extensions.dll
Registered in 0.003732 seconds.
Native extension for WindowsStandalone target not found
Native extension for WebGL target not found
Refreshing native plugins compatible for Editor in 87.36 ms, found 4 plugins.
Preloading 0 native plugins for Editor in 0.00 ms.
Mono: successfully reloaded assembly
- Completed reload, in  0.753 seconds
Domain Reload Profiling:
	ReloadAssembly (753ms)
		BeginReloadAssembly (97ms)
			ExecutionOrderSort (0ms)
			DisableScriptedObjects (0ms)
			BackupInstance (0ms)
			ReleaseScriptingObjects (0ms)
			CreateAndSetChildDomain (1ms)
		EndReloadAssembly (552ms)
			LoadAssemblies (97ms)
			RebuildTransferFunctionScriptingTraits (0ms)
			SetupTypeCache (120ms)
			ReleaseScriptCaches (0ms)
			RebuildScriptCaches (29ms)
			SetupLoadedEditorAssemblies (348ms)
				LogAssemblyErrors (0ms)
				InitializePlatformSupportModulesInManaged (8ms)
				SetLoadedEditorAssemblies (0ms)
				RefreshPlugins (87ms)
				BeforeProcessingInitializeOnLoad (1ms)
				ProcessInitializeOnLoadAttributes (183ms)
				ProcessInitializeOnLoadMethodAttributes (69ms)
				AfterProcessingInitializeOnLoad (0ms)
				EditorAssembliesLoaded (0ms)
			ExecutionOrderSort2 (0ms)
			AwakeInstancesAfterBackupRestoration (0ms)
Platform modules already initialized, skipping
Registering precompiled user dll's ...
Registered in 0.010607 seconds.
Begin MonoManager ReloadAssembly
Symbol file LoadedFromMemory doesn't match image C:\Users\eduar\Documents\GitHub\RickDangerous\RickDangerous\Library\PackageCache\com.unity.visualscripting@1.7.8\Editor\VisualScripting.Core\Dependencies\YamlDotNet\Unity.VisualScripting.YamlDotNet.dll
Symbol file LoadedFromMemory doesn't match image C:\Users\eduar\Documents\GitHub\RickDangerous\RickDangerous\Library\PackageCache\com.unity.visualscripting@1.7.8\Editor\VisualScripting.Core\Dependencies\DotNetZip\Unity.VisualScripting.IonicZip.dll
Native extension for WindowsStandalone target not found
Native extension for WebGL target not found
Refreshing native plugins compatible for Editor in 93.54 ms, found 4 plugins.
Preloading 0 native plugins for Editor in 0.00 ms.
Mono: successfully reloaded assembly
- Completed reload, in  1.327 seconds
Domain Reload Profiling:
	ReloadAssembly (1328ms)
		BeginReloadAssembly (138ms)
			ExecutionOrderSort (0ms)
			DisableScriptedObjects (6ms)
			BackupInstance (0ms)
			ReleaseScriptingObjects (0ms)
			CreateAndSetChildDomain (21ms)
		EndReloadAssembly (1018ms)
			LoadAssemblies (125ms)
			RebuildTransferFunctionScriptingTraits (0ms)
			SetupTypeCache (290ms)
			ReleaseScriptCaches (1ms)
			RebuildScriptCaches (63ms)
			SetupLoadedEditorAssemblies (503ms)
				LogAssemblyErrors (0ms)
				InitializePlatformSupportModulesInManaged (4ms)
				SetLoadedEditorAssemblies (0ms)
				RefreshPlugins (94ms)
				BeforeProcessingInitializeOnLoad (103ms)
				ProcessInitializeOnLoadAttributes (254ms)
				ProcessInitializeOnLoadMethodAttributes (45ms)
				AfterProcessingInitializeOnLoad (3ms)
				EditorAssembliesLoaded (0ms)
			ExecutionOrderSort2 (0ms)
			AwakeInstancesAfterBackupRestoration (11ms)
Platform modules already initialized, skipping
========================================================================
Worker process is ready to serve import requests
Launched and connected shader compiler UnityShaderCompiler.exe after 0.16 seconds
Refreshing native plugins compatible for Editor in 0.84 ms, found 4 plugins.
Preloading 0 native plugins for Editor in 0.00 ms.
Unloading 4083 Unused Serialized files (Serialized files now loaded: 0)
Unloading 38 unused Assets / (55.6 KB). Loaded Objects now: 4540.
Memory consumption went from 153.6 MB to 153.5 MB.
Total: 3.964700 ms (FindLiveObjects: 0.341500 ms CreateObjectMapping: 0.275700 ms MarkObjects: 3.262700 ms  DeleteObjects: 0.083800 ms)

AssetImportParameters requested are different than current active one (requested -> active):
  custom:video-decoder-ogg-theora: a1e56fd34408186e4bbccfd4996cb3dc -> 
  custom:container-muxer-webm: aa71ff27fc2769a1b78a27578f13a17b -> 
  custom:container-demuxer-webm: 4f35f7cbe854078d1ac9338744f61a02 -> 
  custom:video-encoder-webm-vp8: eb34c28f22e8b96e1ab97ce403110664 -> 
  custom:audio-encoder-webm-vorbis: bf7c407c2cedff20999df2af8eb42d56 -> 
  custom:framework-win-MediaFoundation: 216162199b28c13a410421893ffa2e32 -> 
  custom:container-demuxer-ogg: 62fdf1f143b41e24485cea50d1cbac27 -> 
  custom:video-decoder-webm-vp8: 9c59270c3fd7afecdb556c50c9e8de78 -> 
  custom:audio-decoder-ogg-vorbis: bf7c407c2cedff20999df2af8eb42d56 -> 
========================================================================
Received Import Request.
  Time since last request: 37569.096507 seconds.
  path: Assets/r1sprites-a0.png
  artifactKey: Guid(3510f6bb1470a2842a15d7eaceb57ad4) Importer(815301076,1909f56bfc062723c751e8b465ee728b)
Start importing Assets/r1sprites-a0.png using Guid(3510f6bb1470a2842a15d7eaceb57ad4) Importer(815301076,1909f56bfc062723c751e8b465ee728b)  -> (artifact id: 'd61f1b23852bc15875bfb25d12716e42') in 0.157119 seconds 
========================================================================
Received Import Request.
  Time since last request: 25.097831 seconds.
  path: Assets/r1sprites-a0.png
  artifactKey: Guid(3510f6bb1470a2842a15d7eaceb57ad4) Importer(815301076,1909f56bfc062723c751e8b465ee728b)
Start importing Assets/r1sprites-a0.png using Guid(3510f6bb1470a2842a15d7eaceb57ad4) Importer(815301076,1909f56bfc062723c751e8b465ee728b)  -> (artifact id: 'cf206129036cb14853e25d7dc224fc82') in 0.013720 seconds 
========================================================================
Received Import Request.
  Time since last request: 47.120784 seconds.
  path: Assets/r1sprites-a0.png
  artifactKey: Guid(3510f6bb1470a2842a15d7eaceb57ad4) Importer(815301076,1909f56bfc062723c751e8b465ee728b)
Start importing Assets/r1sprites-a0.png using Guid(3510f6bb1470a2842a15d7eaceb57ad4) Importer(815301076,1909f56bfc062723c751e8b465ee728b)  -> (artifact id: '391e7251517714cac8945b5c8a2ba9a0') in 0.084576 seconds 
========================================================================
Received Import Request.
  Time since last request: 54.094019 seconds.
  path: Assets/r1sprites-a0.png
  artifactKey: Guid(3510f6bb1470a2842a15d7eaceb57ad4) Importer(815301076,1909f56bfc062723c751e8b465ee728b)
Start importing Assets/r1sprites-a0.png using Guid(3510f6bb1470a2842a15d7eaceb57ad4) Importer(815301076,1909f56bfc062723c751e8b465ee728b)  -> (artifact id: '5cec195dd2642f85be9336c330f1dd3b') in 0.032427 seconds 
========================================================================
Received Import Request.
  Time since last request: 41.178711 seconds.
  path: Assets/r1sprites-a0.png
  artifactKey: Guid(3510f6bb1470a2842a15d7eaceb57ad4) Importer(815301076,1909f56bfc062723c751e8b465ee728b)
Start importing Assets/r1sprites-a0.png using Guid(3510f6bb1470a2842a15d7eaceb57ad4) Importer(815301076,1909f56bfc062723c751e8b465ee728b)  -> (artifact id: '9d8cb781dc7ff165aa2d82b03e0e504b') in 0.014452 seconds 
========================================================================
Received Import Request.
  Time since last request: 15.193508 seconds.
  path: Assets/r1sprites-a0.png
  artifactKey: Guid(3510f6bb1470a2842a15d7eaceb57ad4) Importer(815301076,1909f56bfc062723c751e8b465ee728b)
Start importing Assets/r1sprites-a0.png using Guid(3510f6bb1470a2842a15d7eaceb57ad4) Importer(815301076,1909f56bfc062723c751e8b465ee728b)  -> (artifact id: '109644b62bd4173dcb7ef370a38447e1') in 0.158693 seconds 
========================================================================
Received Import Request.
  Time since last request: 20.295987 seconds.
  path: Assets/r1sprites-a0.png
  artifactKey: Guid(3510f6bb1470a2842a15d7eaceb57ad4) Importer(815301076,1909f56bfc062723c751e8b465ee728b)
Start importing Assets/r1sprites-a0.png using Guid(3510f6bb1470a2842a15d7eaceb57ad4) Importer(815301076,1909f56bfc062723c751e8b465ee728b)  -> (artifact id: 'e352928beac314f03feb7772e2e3f984') in 0.205357 seconds 
========================================================================
Received Import Request.
  Time since last request: 23.950748 seconds.
  path: Assets/Archaeologist Sprite Sheet.png
  artifactKey: Guid(f754b87db18f2da498bb735a09cb05d5) Importer(815301076,1909f56bfc062723c751e8b465ee728b)
Start importing Assets/Archaeologist Sprite Sheet.png using Guid(f754b87db18f2da498bb735a09cb05d5) Importer(815301076,1909f56bfc062723c751e8b465ee728b)  -> (artifact id: '6878a7e2edf8f5d3b5d3a4908f862685') in 0.033787 seconds 
========================================================================
Received Import Request.
  Time since last request: 25.449039 seconds.
  path: Assets/Archaeologist Sprite Sheet.png
  artifactKey: Guid(f754b87db18f2da498bb735a09cb05d5) Importer(815301076,1909f56bfc062723c751e8b465ee728b)
Start importing Assets/Archaeologist Sprite Sheet.png using Guid(f754b87db18f2da498bb735a09cb05d5) Importer(815301076,1909f56bfc062723c751e8b465ee728b)  -> (artifact id: 'c34ba875e1f63dc1ff6e780dca37a619') in 0.012098 seconds 
========================================================================
Received Import Request.
  Time since last request: 14.091552 seconds.
  path: Assets/Archaeologist Sprite Sheet.png
  artifactKey: Guid(f754b87db18f2da498bb735a09cb05d5) Importer(815301076,1909f56bfc062723c751e8b465ee728b)
Start importing Assets/Archaeologist Sprite Sheet.png using Guid(f754b87db18f2da498bb735a09cb05d5) Importer(815301076,1909f56bfc062723c751e8b465ee728b)  -> (artifact id: 'd99ebce91d1ed4cff4346f3d9fb974aa') in 0.229942 seconds 
========================================================================
Received Import Request.
  Time since last request: 70.657929 seconds.
  path: Assets/Sprites
  artifactKey: Guid(e4e31fb2abb748e498f0e07fb99720a6) Importer(815301076,1909f56bfc062723c751e8b465ee728b)
Start importing Assets/Sprites using Guid(e4e31fb2abb748e498f0e07fb99720a6) Importer(815301076,1909f56bfc062723c751e8b465ee728b)  -> (artifact id: 'f3828910a60ca1d039b6aa323fa35d7b') in 0.002384 seconds 
========================================================================
Received Import Request.
  Time since last request: 36.020538 seconds.
  path: Assets/Archaeologist Sprite Sheet.png
  artifactKey: Guid(f754b87db18f2da498bb735a09cb05d5) Importer(815301076,1909f56bfc062723c751e8b465ee728b)
Start importing Assets/Archaeologist Sprite Sheet.png using Guid(f754b87db18f2da498bb735a09cb05d5) Importer(815301076,1909f56bfc062723c751e8b465ee728b)  -> (artifact id: '81fdc92c3799b70f7c0e608af0939212') in 0.042041 seconds 
========================================================================
Received Import Request.
  Time since last request: 7.345162 seconds.
  path: Assets/Archaeologist Sprite Sheet.png
  artifactKey: Guid(f754b87db18f2da498bb735a09cb05d5) Importer(815301076,1909f56bfc062723c751e8b465ee728b)
Start importing Assets/Archaeologist Sprite Sheet.png using Guid(f754b87db18f2da498bb735a09cb05d5) Importer(815301076,1909f56bfc062723c751e8b465ee728b)  -> (artifact id: '5c5945cbd6772af7b9219be18cf4906b') in 0.170428 seconds 
========================================================================
Received Import Request.
  Time since last request: 24.540709 seconds.
  path: Assets/Archaeologist Sprite Sheet.png
  artifactKey: Guid(f754b87db18f2da498bb735a09cb05d5) Importer(815301076,1909f56bfc062723c751e8b465ee728b)
Start importing Assets/Archaeologist Sprite Sheet.png using Guid(f754b87db18f2da498bb735a09cb05d5) Importer(815301076,1909f56bfc062723c751e8b465ee728b)  -> (artifact id: '6361c24e7efe299dc5f6d249c1c98dd7') in 0.241373 seconds 
========================================================================
Received Import Request.
  Time since last request: 21.376146 seconds.
  path: Assets/Archaeologist Sprite Sheet.png
  artifactKey: Guid(f754b87db18f2da498bb735a09cb05d5) Importer(815301076,1909f56bfc062723c751e8b465ee728b)
Start importing Assets/Archaeologist Sprite Sheet.png using Guid(f754b87db18f2da498bb735a09cb05d5) Importer(815301076,1909f56bfc062723c751e8b465ee728b)  -> (artifact id: '3fb94cb90b36a36cf661df1c95149107') in 0.129214 seconds 
========================================================================
Received Import Request.
  Time since last request: 129.533719 seconds.
  path: Assets/r1sprites-00.png
  artifactKey: Guid(60a61bd767f4b3b49803d6018d8a7e62) Importer(815301076,1909f56bfc062723c751e8b465ee728b)
Start importing Assets/r1sprites-00.png using Guid(60a61bd767f4b3b49803d6018d8a7e62) Importer(815301076,1909f56bfc062723c751e8b465ee728b)  -> (artifact id: '8b9a223304350634fdff8d20852f1807') in 0.016093 seconds 
========================================================================
Received Import Request.
  Time since last request: 7.750490 seconds.
  path: Assets/r1sprites-00.png
  artifactKey: Guid(60a61bd767f4b3b49803d6018d8a7e62) Importer(815301076,1909f56bfc062723c751e8b465ee728b)
Start importing Assets/r1sprites-00.png using Guid(60a61bd767f4b3b49803d6018d8a7e62) Importer(815301076,1909f56bfc062723c751e8b465ee728b)  -> (artifact id: '2c54623e320e603a4845e43a4b76f508') in 0.012406 seconds 
========================================================================
Received Import Request.
  Time since last request: 6.945320 seconds.
  path: Assets/r1sprites-00.png
  artifactKey: Guid(60a61bd767f4b3b49803d6018d8a7e62) Importer(815301076,1909f56bfc062723c751e8b465ee728b)
Start importing Assets/r1sprites-00.png using Guid(60a61bd767f4b3b49803d6018d8a7e62) Importer(815301076,1909f56bfc062723c751e8b465ee728b)  -> (artifact id: 'c9a882c8da42fe7ec992a5268f3c6e5e') in 0.012805 seconds 
========================================================================
Received Import Request.
  Time since last request: 5.846436 seconds.
  path: Assets/r1sprites-00.png
  artifactKey: Guid(60a61bd767f4b3b49803d6018d8a7e62) Importer(815301076,1909f56bfc062723c751e8b465ee728b)
Start importing Assets/r1sprites-00.png using Guid(60a61bd767f4b3b49803d6018d8a7e62) Importer(815301076,1909f56bfc062723c751e8b465ee728b)  -> (artifact id: '7ce3d15af348fd5c925c8f397fdcb91b') in 0.018298 seconds 
========================================================================
Received Import Request.
  Time since last request: 14.029554 seconds.
  path: Assets/r1sprites-00.png
  artifactKey: Guid(60a61bd767f4b3b49803d6018d8a7e62) Importer(815301076,1909f56bfc062723c751e8b465ee728b)
Start importing Assets/r1sprites-00.png using Guid(60a61bd767f4b3b49803d6018d8a7e62) Importer(815301076,1909f56bfc062723c751e8b465ee728b)  -> (artifact id: 'c6720570af8b87dc5b16bf04226dc8f2') in 0.046777 seconds 
========================================================================
Received Import Request.
  Time since last request: 50.646777 seconds.
  path: Assets/r1sprites-00.png
  artifactKey: Guid(60a61bd767f4b3b49803d6018d8a7e62) Importer(815301076,1909f56bfc062723c751e8b465ee728b)
Start importing Assets/r1sprites-00.png using Guid(60a61bd767f4b3b49803d6018d8a7e62) Importer(815301076,1909f56bfc062723c751e8b465ee728b)  -> (artifact id: '0df16ffc9db60909b0b1619a1e411e57') in 0.171684 seconds 
========================================================================
Received Import Request.
  Time since last request: 12.739950 seconds.
  path: Assets/r1sprites-00.png
  artifactKey: Guid(60a61bd767f4b3b49803d6018d8a7e62) Importer(815301076,1909f56bfc062723c751e8b465ee728b)
Start importing Assets/r1sprites-00.png using Guid(60a61bd767f4b3b49803d6018d8a7e62) Importer(815301076,1909f56bfc062723c751e8b465ee728b)  -> (artifact id: 'd8986702999ae63e7b2874580857dd91') in 0.167931 seconds 
========================================================================
Received Import Request.
  Time since last request: 7.475719 seconds.
  path: Assets/r1sprites-00.png
  artifactKey: Guid(60a61bd767f4b3b49803d6018d8a7e62) Importer(815301076,1909f56bfc062723c751e8b465ee728b)
Start importing Assets/r1sprites-00.png using Guid(60a61bd767f4b3b49803d6018d8a7e62) Importer(815301076,1909f56bfc062723c751e8b465ee728b)  -> (artifact id: '1c22ca5cd776cc7965c96768c3625dee') in 0.017706 seconds 
========================================================================
Received Import Request.
  Time since last request: 9.431300 seconds.
  path: Assets/r1sprites-00.png
  artifactKey: Guid(60a61bd767f4b3b49803d6018d8a7e62) Importer(815301076,1909f56bfc062723c751e8b465ee728b)
Start importing Assets/r1sprites-00.png using Guid(60a61bd767f4b3b49803d6018d8a7e62) Importer(815301076,1909f56bfc062723c751e8b465ee728b)  -> (artifact id: '0adc0971d6a0e245af2e0ab0a9e3f3cb') in 0.162416 seconds 
========================================================================
Received Import Request.
  Time since last request: 5.233103 seconds.
  path: Assets/r1sprites-00.png
  artifactKey: Guid(60a61bd767f4b3b49803d6018d8a7e62) Importer(815301076,1909f56bfc062723c751e8b465ee728b)
Start importing Assets/r1sprites-00.png using Guid(60a61bd767f4b3b49803d6018d8a7e62) Importer(815301076,1909f56bfc062723c751e8b465ee728b)  -> (artifact id: 'c9aaaf9489c2198580c84f46d5f65f43') in 0.175523 seconds 
========================================================================
Received Import Request.
  Time since last request: 6.407018 seconds.
  path: Assets/r1sprites-00.png
  artifactKey: Guid(60a61bd767f4b3b49803d6018d8a7e62) Importer(815301076,1909f56bfc062723c751e8b465ee728b)
Start importing Assets/r1sprites-00.png using Guid(60a61bd767f4b3b49803d6018d8a7e62) Importer(815301076,1909f56bfc062723c751e8b465ee728b)  -> (artifact id: 'fef12493ac65749bd05ac87549bce97b') in 0.170135 seconds 
========================================================================
Received Import Request.
  Time since last request: 4.619254 seconds.
  path: Assets/r1sprites-00.png
  artifactKey: Guid(60a61bd767f4b3b49803d6018d8a7e62) Importer(815301076,1909f56bfc062723c751e8b465ee728b)
Start importing Assets/r1sprites-00.png using Guid(60a61bd767f4b3b49803d6018d8a7e62) Importer(815301076,1909f56bfc062723c751e8b465ee728b)  -> (artifact id: '60da7c86cb07160956438af82124683b') in 0.164224 seconds 
========================================================================
Received Import Request.
  Time since last request: 71.212114 seconds.
  path: Assets/Sounds
  artifactKey: Guid(cafdb799f4f36c445a072f95d91f3321) Importer(815301076,1909f56bfc062723c751e8b465ee728b)
Start importing Assets/Sounds using Guid(cafdb799f4f36c445a072f95d91f3321) Importer(815301076,1909f56bfc062723c751e8b465ee728b)  -> (artifact id: 'd2e8583acf193927002740e2fe4399be') in 0.002369 seconds 
========================================================================
Received Import Request.
  Time since last request: 59.922074 seconds.
  path: Assets/Scenes/MainMenu.unity
  artifactKey: Guid(2cda990e2423bbf4892e6590ba056729) Importer(815301076,1909f56bfc062723c751e8b465ee728b)
Start importing Assets/Scenes/MainMenu.unity using Guid(2cda990e2423bbf4892e6590ba056729) Importer(815301076,1909f56bfc062723c751e8b465ee728b)  -> (artifact id: '3bf95a62b3a5f4b47c76129b2bf3883f') in 0.002471 seconds 
========================================================================
Received Prepare
Registering precompiled user dll's ...
Registered in 0.012415 seconds.
Begin MonoManager ReloadAssembly
Symbol file LoadedFromMemory doesn't match image C:\Users\eduar\Documents\GitHub\RickDangerous\RickDangerous\Library\PackageCache\com.unity.visualscripting@1.7.8\Editor\VisualScripting.Core\Dependencies\YamlDotNet\Unity.VisualScripting.YamlDotNet.dll
Symbol file LoadedFromMemory doesn't match image C:\Users\eduar\Documents\GitHub\RickDangerous\RickDangerous\Library\PackageCache\com.unity.visualscripting@1.7.8\Editor\VisualScripting.Core\Dependencies\DotNetZip\Unity.VisualScripting.IonicZip.dll
Native extension for WindowsStandalone target not found
Native extension for WebGL target not found
Refreshing native plugins compatible for Editor in 1.04 ms, found 4 plugins.
Preloading 0 native plugins for Editor in 0.00 ms.
Mono: successfully reloaded assembly
- Completed reload, in  1.374 seconds
Domain Reload Profiling:
	ReloadAssembly (1375ms)
		BeginReloadAssembly (176ms)
			ExecutionOrderSort (0ms)
			DisableScriptedObjects (7ms)
			BackupInstance (0ms)
			ReleaseScriptingObjects (0ms)
			CreateAndSetChildDomain (41ms)
		EndReloadAssembly (1066ms)
			LoadAssemblies (140ms)
			RebuildTransferFunctionScriptingTraits (0ms)
			SetupTypeCache (332ms)
			ReleaseScriptCaches (2ms)
			RebuildScriptCaches (66ms)
			SetupLoadedEditorAssemblies (472ms)
				LogAssemblyErrors (0ms)
				InitializePlatformSupportModulesInManaged (17ms)
				SetLoadedEditorAssemblies (1ms)
				RefreshPlugins (1ms)
				BeforeProcessingInitializeOnLoad (100ms)
				ProcessInitializeOnLoadAttributes (299ms)
				ProcessInitializeOnLoadMethodAttributes (52ms)
				AfterProcessingInitializeOnLoad (3ms)
				EditorAssembliesLoaded (0ms)
			ExecutionOrderSort2 (0ms)
			AwakeInstancesAfterBackupRestoration (20ms)
Platform modules already initialized, skipping
Refreshing native plugins compatible for Editor in 4.61 ms, found 4 plugins.
Preloading 0 native plugins for Editor in 0.00 ms.
Unloading 4059 Unused Serialized files (Serialized files now loaded: 0)
Unloading 25 unused Assets / (24.6 KB). Loaded Objects now: 4607.
Memory consumption went from 156.1 MB to 156.1 MB.
Total: 4.026500 ms (FindLiveObjects: 0.309200 ms CreateObjectMapping: 0.288800 ms MarkObjects: 3.386400 ms  DeleteObjects: 0.041000 ms)

AssetImportParameters requested are different than current active one (requested -> active):
  custom:video-decoder-ogg-theora: a1e56fd34408186e4bbccfd4996cb3dc -> 
  custom:container-muxer-webm: aa71ff27fc2769a1b78a27578f13a17b -> 
  custom:container-demuxer-webm: 4f35f7cbe854078d1ac9338744f61a02 -> 
  custom:video-encoder-webm-vp8: eb34c28f22e8b96e1ab97ce403110664 -> 
  custom:audio-encoder-webm-vorbis: bf7c407c2cedff20999df2af8eb42d56 -> 
  custom:framework-win-MediaFoundation: 216162199b28c13a410421893ffa2e32 -> 
  custom:container-demuxer-ogg: 62fdf1f143b41e24485cea50d1cbac27 -> 
  custom:video-decoder-webm-vp8: 9c59270c3fd7afecdb556c50c9e8de78 -> 
  custom:audio-decoder-ogg-vorbis: bf7c407c2cedff20999df2af8eb42d56 -> 
========================================================================
Received Import Request.
  Time since last request: 477.225421 seconds.
  path: Assets/Scripts
  artifactKey: Guid(25b1d16a517aa5041be2a08949c9c11d) Importer(815301076,1909f56bfc062723c751e8b465ee728b)
Start importing Assets/Scripts using Guid(25b1d16a517aa5041be2a08949c9c11d) Importer(815301076,1909f56bfc062723c751e8b465ee728b)  -> (artifact id: '067b4e96909b5dd59fd4eb5d743146a4') in 0.015882 seconds 
========================================================================
Received Import Request.
  Time since last request: 0.656749 seconds.
  path: Assets/Scripts/MainMenu.cs
  artifactKey: Guid(ebb5cce026bea6a4792a2261a06364cb) Importer(815301076,1909f56bfc062723c751e8b465ee728b)
Start importing Assets/Scripts/MainMenu.cs using Guid(ebb5cce026bea6a4792a2261a06364cb) Importer(815301076,1909f56bfc062723c751e8b465ee728b)  -> (artifact id: 'decd2e94a3ede1321c001e2731aabf07') in 0.021530 seconds 
